<?xml version="1.0" encoding="UTF-8"?>
<coverage generated="1743413341458" clover="3.2.0">
  <project timestamp="1743413341458" name="All files">
    <metrics statements="46" coveredstatements="24" conditionals="6524" coveredconditionals="40" methods="736" coveredmethods="5" elements="7306" coveredelements="69" complexity="0" loc="46" ncloc="46" packages="5" files="6" classes="6"/>
    <package name="dist.assets">
      <metrics statements="13" coveredstatements="0" conditionals="6469" coveredconditionals="0" methods="729" coveredmethods="0"/>
      <file name="index-yy-uZeqh.js" path="/Users/enzoc/Desktop/IntegDeploiement/my-react-app/dist/assets/index-yy-uZeqh.js">
        <metrics statements="13" coveredstatements="0" conditionals="6469" coveredconditionals="0" methods="729" coveredmethods="0"/>
        <line num="1" count="0" type="cond" truecount="0" falsecount="20"/>
        <line num="9" count="0" type="cond" truecount="0" falsecount="14"/>
        <line num="17" count="0" type="cond" truecount="0" falsecount="165"/>
        <line num="25" count="0" type="cond" truecount="0" falsecount="112"/>
        <line num="33" count="0" type="cond" truecount="0" falsecount="109"/>
        <line num="41" count="0" type="cond" truecount="0" falsecount="65"/>
        <line num="42" count="0" type="cond" truecount="0" falsecount="2"/>
        <line num="43" count="0" type="cond" truecount="0" falsecount="25"/>
        <line num="44" count="0" type="stmt"/>
        <line num="45" count="0" type="cond" truecount="0" falsecount="23"/>
        <line num="46" count="0" type="cond" truecount="0" falsecount="22"/>
        <line num="48" count="0" type="cond" truecount="0" falsecount="4566"/>
        <line num="49" count="0" type="cond" truecount="0" falsecount="1346"/>
      </file>
    </package>
    <package name="src">
      <metrics statements="7" coveredstatements="0" conditionals="14" coveredconditionals="0" methods="1" coveredmethods="0"/>
      <file name="module.js" path="/Users/enzoc/Desktop/IntegDeploiement/my-react-app/src/module.js">
        <metrics statements="7" coveredstatements="0" conditionals="14" coveredconditionals="0" methods="1" coveredmethods="0"/>
        <line num="8" count="0" type="cond" truecount="0" falsecount="2"/>
        <line num="9" count="0" type="cond" truecount="0" falsecount="4"/>
        <line num="10" count="0" type="cond" truecount="0" falsecount="2"/>
        <line num="11" count="0" type="cond" truecount="0" falsecount="4"/>
        <line num="12" count="0" type="cond" truecount="0" falsecount="2"/>
        <line num="14" count="0" type="stmt"/>
        <line num="15" count="0" type="stmt"/>
      </file>
    </package>
    <package name="src.pages.Home">
      <metrics statements="2" coveredstatements="0" conditionals="0" coveredconditionals="0" methods="1" coveredmethods="0"/>
      <file name="Home.jsx" path="/Users/enzoc/Desktop/IntegDeploiement/my-react-app/src/pages/Home/Home.jsx">
        <metrics statements="2" coveredstatements="0" conditionals="0" coveredconditionals="0" methods="1" coveredmethods="0"/>
        <line num="3" count="0" type="stmt"/>
        <line num="4" count="0" type="stmt"/>
      </file>
    </package>
    <package name="src.pages.Home.components">
      <metrics statements="17" coveredstatements="17" conditionals="36" coveredconditionals="36" methods="4" coveredmethods="4"/>
      <file name="CustomInput.jsx" path="/Users/enzoc/Desktop/IntegDeploiement/my-react-app/src/pages/Home/components/CustomInput.jsx">
        <metrics statements="2" coveredstatements="2" conditionals="6" coveredconditionals="6" methods="1" coveredmethods="1"/>
        <line num="3" count="2" type="stmt"/>
        <line num="4" count="1241" type="stmt"/>
      </file>
      <file name="RegistrationForm.jsx" path="/Users/enzoc/Desktop/IntegDeploiement/my-react-app/src/pages/Home/components/RegistrationForm.jsx">
        <metrics statements="15" coveredstatements="15" conditionals="30" coveredconditionals="30" methods="3" coveredmethods="3"/>
        <line num="9" count="1" type="stmt"/>
        <line num="10" count="206" type="stmt"/>
        <line num="18" count="206" type="stmt"/>
        <line num="24" count="206" type="stmt"/>
        <line num="27" count="206" type="cond" truecount="6" falsecount="0"/>
        <line num="34" count="206" type="stmt"/>
        <line num="35" count="1" type="stmt"/>
        <line num="37" count="1" type="stmt"/>
        <line num="38" count="1" type="stmt"/>
        <line num="40" count="1" type="stmt"/>
        <line num="42" count="1" type="stmt"/>
        <line num="45" count="206" type="stmt"/>
        <line num="46" count="2" type="stmt"/>
        <line num="47" count="2" type="stmt"/>
        <line num="50" count="206" type="stmt"/>
      </file>
    </package>
    <package name="src.utils">
      <metrics statements="7" coveredstatements="7" conditionals="5" coveredconditionals="4" methods="1" coveredmethods="1"/>
      <file name="schema.js" path="/Users/enzoc/Desktop/IntegDeploiement/my-react-app/src/utils/schema.js">
        <metrics statements="7" coveredstatements="7" conditionals="5" coveredconditionals="4" methods="1" coveredmethods="1"/>
        <line num="3" count="2" type="stmt"/>
        <line num="19" count="28" type="stmt"/>
        <line num="20" count="28" type="stmt"/>
        <line num="21" count="28" type="stmt"/>
        <line num="22" count="28" type="stmt"/>
        <line num="23" count="28" type="cond" truecount="4" falsecount="1"/>
        <line num="24" count="28" type="stmt"/>
      </file>
    </package>
  </project>
</coverage>
